<?xml version="1.0" encoding="UTF-8"?>
<!-- Generated by org.testng.reporters.JUnitReportReporter -->
<testsuite hostname="MSI" failures="0" tests="3" name="testPackage.VerifyOrangeTestClass2_Log4j" time="64.553" errors="0" timestamp="2024-05-14T12:51:18 IST" skipped="0">
  <testcase classname="testPackage.VerifyOrangeTestClass2_Log4j" name="verifyAdminOption" time="19.630"/>
  <testcase classname="testPackage.VerifyOrangeTestClass2_Log4j" name="verifyAboutOption" time="22.740"/>
  <testcase classname="testPackage.VerifyOrangeTestClass2_Log4j" name="verifyEmployeeTableData" time="22.183"/>
</testsuite> <!-- testPackage.VerifyOrangeTestClass2_Log4j -->
