<?xml version="1.0" encoding="UTF-8"?>
<!-- Generated by org.testng.reporters.JUnitReportReporter -->
<testsuite hostname="MSI" failures="0" tests="4" name="testPackage.LoginTestClass" time="16.759" errors="0" timestamp="2024-05-29T14:37:45 IST" skipped="0">
  <testcase classname="testPackage.LoginTestClass" name="loginTest" time="2.228"/>
  <testcase classname="testPackage.LoginTestClass" name="loginTest" time="8.622"/>
  <testcase classname="testPackage.LoginTestClass" name="loginTest" time="3.484"/>
  <testcase classname="testPackage.LoginTestClass" name="loginTest" time="2.425"/>
</testsuite> <!-- testPackage.LoginTestClass -->
