<?xml version="1.0" encoding="UTF-8"?>
<!-- Generated by org.testng.reporters.JUnitReportReporter -->
<testsuite hostname="MSI" failures="0" tests="3" name="testPackage.VerifyOrangeTestClass3_Log4j2" time="62.850" errors="0" timestamp="2024-03-24T23:07:30 IST" skipped="0">
  <testcase classname="testPackage.VerifyOrangeTestClass3_Log4j2" name="VerifyAdminOption" time="19.046">
    <system-out>
      <![CDATA[Tc is passed]]>
    </system-out>
  </testcase> <!-- VerifyAdminOption -->
  <testcase classname="testPackage.VerifyOrangeTestClass3_Log4j2" name="VerifyAccountOptionDropDown" time="21.092">
    <system-out>
      <![CDATA[Tc is passed]]>
    </system-out>
  </testcase> <!-- VerifyAccountOptionDropDown -->
  <testcase classname="testPackage.VerifyOrangeTestClass3_Log4j2" name="verifyEmployeeTableDATA" time="22.712">
    <system-out>
      <![CDATA[Tc is passed]]>
    </system-out>
  </testcase> <!-- verifyEmployeeTableDATA -->
  <system-out>
    <![CDATA[Tc is passed
Tc is passed
Tc is passed]]>
  </system-out>
</testsuite> <!-- testPackage.VerifyOrangeTestClass3_Log4j2 -->
