<?xml version="1.0" encoding="UTF-8"?>
<!-- Generated by org.testng.reporters.JUnitReportReporter -->
<testsuite hostname="MSI" failures="0" tests="4" name="testPackage.LoginTestClass" time="14.903" errors="0" timestamp="2024-05-14T13:01:28 IST" skipped="0">
  <testcase classname="testPackage.LoginTestClass" name="loginTest" time="2.288"/>
  <testcase classname="testPackage.LoginTestClass" name="loginTest" time="6.550"/>
  <testcase classname="testPackage.LoginTestClass" name="loginTest" time="2.339"/>
  <testcase classname="testPackage.LoginTestClass" name="loginTest" time="3.726"/>
</testsuite> <!-- testPackage.LoginTestClass -->
