<?xml version="1.0" encoding="UTF-8"?>
<!-- Generated by org.testng.reporters.JUnitReportReporter -->
<testsuite hostname="MSI" failures="0" tests="3" name="testPackage.VerifyOrangeTestClass2_Log4j" time="65.728" errors="0" timestamp="2024-05-29T18:47:43 IST" skipped="0">
  <testcase classname="testPackage.VerifyOrangeTestClass2_Log4j" name="verifyAdminOption" time="20.984"/>
  <testcase classname="testPackage.VerifyOrangeTestClass2_Log4j" name="verifyAboutOption" time="23.476"/>
  <testcase classname="testPackage.VerifyOrangeTestClass2_Log4j" name="verifyEmployeeTableData" time="21.268"/>
</testsuite> <!-- testPackage.VerifyOrangeTestClass2_Log4j -->
