<?xml version="1.0" encoding="UTF-8"?>
<!-- Generated by org.testng.reporters.JUnitReportReporter -->
<testsuite hostname="MSI" failures="0" tests="3" name="testPackage.VerifyOrangeTestClass1" time="66.678" errors="0" timestamp="2024-05-29T14:39:58 IST" skipped="0">
  <testcase classname="testPackage.VerifyOrangeTestClass1" name="verifyAdminOption" time="20.623"/>
  <testcase classname="testPackage.VerifyOrangeTestClass1" name="verifyAboutOption" time="23.306"/>
  <testcase classname="testPackage.VerifyOrangeTestClass1" name="verifyEmployeeTableData" time="22.749"/>
</testsuite> <!-- testPackage.VerifyOrangeTestClass1 -->
